[debug] [2023-03-06T06:04:34.185Z] ----------------------------------------------------------------------
[debug] [2023-03-06T06:04:34.187Z] Command:       C:\Program Files\nodejs\node.exe C:\Users\pixel\AppData\Roaming\npm\node_modules\firebase-tools\lib\bin\firebase.js serve
[debug] [2023-03-06T06:04:34.188Z] CLI Version:   11.16.1
[debug] [2023-03-06T06:04:34.188Z] Platform:      win32
[debug] [2023-03-06T06:04:34.188Z] Node Version:  v18.14.0
[debug] [2023-03-06T06:04:34.189Z] Time:          Mon Mar 06 2023 07:04:34 GMT+0100 (czas środkowoeuropejski standardowy)
[debug] [2023-03-06T06:04:34.189Z] ----------------------------------------------------------------------
[debug] 
[debug] [2023-03-06T06:04:34.289Z] Object "" in "firebase.json" has unknown property: {"additionalProperty":"headers"}
[debug] [2023-03-06T06:04:34.295Z] > command requires scopes: ["email","openid","https://www.googleapis.com/auth/cloudplatformprojects.readonly","https://www.googleapis.com/auth/firebase","https://www.googleapis.com/auth/cloud-platform"]
[debug] [2023-03-06T06:04:34.295Z] > authorizing via signed-in user (nikodems1308@gmail.com)
[debug] [2023-03-06T06:04:34.295Z] [iam] checking project poster-dd714 for permissions ["firebase.projects.get"]
[debug] [2023-03-06T06:04:34.297Z] >>> [apiv2][query] POST https://cloudresourcemanager.googleapis.com/v1/projects/poster-dd714:testIamPermissions [none]
[debug] [2023-03-06T06:04:34.297Z] >>> [apiv2][(partial)header] POST https://cloudresourcemanager.googleapis.com/v1/projects/poster-dd714:testIamPermissions x-goog-quota-user=projects/poster-dd714
[debug] [2023-03-06T06:04:34.297Z] >>> [apiv2][body] POST https://cloudresourcemanager.googleapis.com/v1/projects/poster-dd714:testIamPermissions {"permissions":["firebase.projects.get"]}
[debug] [2023-03-06T06:04:35.161Z] <<< [apiv2][status] POST https://cloudresourcemanager.googleapis.com/v1/projects/poster-dd714:testIamPermissions 200
[debug] [2023-03-06T06:04:35.161Z] <<< [apiv2][body] POST https://cloudresourcemanager.googleapis.com/v1/projects/poster-dd714:testIamPermissions {"permissions":["firebase.projects.get"]}
[debug] [2023-03-06T06:04:35.162Z] >>> [apiv2][query] GET https://firebase.googleapis.com/v1beta1/projects/poster-dd714 [none]
[debug] [2023-03-06T06:04:35.564Z] <<< [apiv2][status] GET https://firebase.googleapis.com/v1beta1/projects/poster-dd714 200
[debug] [2023-03-06T06:04:35.564Z] <<< [apiv2][body] GET https://firebase.googleapis.com/v1beta1/projects/poster-dd714 {"projectId":"poster-dd714","projectNumber":"230369778825","displayName":"gsapp","name":"projects/poster-dd714","resources":{"hostingSite":"poster-dd714","storageBucket":"poster-dd714.appspot.com","locationId":"europe-west"},"state":"ACTIVE","etag":"1_11cf18d3-a419-4e5e-82f9-121293985fdc"}
[info] 
[info] === Serving from 'C:\Users\pixel\Desktop\programowanie\G apps\poster'...
[info] 
[debug] [2023-03-06T06:04:35.572Z] >>> [apiv2][query] GET https://firebasehosting.googleapis.com/v1beta1/projects/poster-dd714/sites 
[debug] [2023-03-06T06:04:35.724Z] Error: Cannot find module 'C:\Users\pixel\Desktop\programowanie\G apps\poster\functions\package.json'
Require stack:
- C:\Users\pixel\AppData\Roaming\npm\node_modules\firebase-tools\lib\emulator\functionsEmulator.js
- C:\Users\pixel\AppData\Roaming\npm\node_modules\firebase-tools\lib\emulator\controller.js
- C:\Users\pixel\AppData\Roaming\npm\node_modules\firebase-tools\lib\emulator\commandUtils.js
- C:\Users\pixel\AppData\Roaming\npm\node_modules\firebase-tools\lib\commands\database-get.js
- C:\Users\pixel\AppData\Roaming\npm\node_modules\firebase-tools\lib\commands\index.js
- C:\Users\pixel\AppData\Roaming\npm\node_modules\firebase-tools\lib\index.js
- C:\Users\pixel\AppData\Roaming\npm\node_modules\firebase-tools\lib\bin\firebase.js
    at Module._resolveFilename (node:internal/modules/cjs/loader:1047:15)
    at Module._load (node:internal/modules/cjs/loader:893:27)
    at Module.require (node:internal/modules/cjs/loader:1113:19)
    at require (node:internal/modules/cjs/helpers:103:18)
    at FunctionsEmulator.getNodeBinary (C:\Users\pixel\AppData\Roaming\npm\node_modules\firebase-tools\lib\emulator\functionsEmulator.js:623:21)
    at FunctionsEmulator.start (C:\Users\pixel\AppData\Roaming\npm\node_modules\firebase-tools\lib\emulator\functionsEmulator.js:188:39)
    at EmulatorRegistry.start (C:\Users\pixel\AppData\Roaming\npm\node_modules\firebase-tools\lib\emulator\registry.js:18:24)
    at FunctionsServer.start (C:\Users\pixel\AppData\Roaming\npm\node_modules\firebase-tools\lib\serve\functions.js:54:44)
    at C:\Users\pixel\AppData\Roaming\npm\node_modules\firebase-tools\lib\serve\index.js:31:36
    at Array.map (<anonymous>)
    at serve (C:\Users\pixel\AppData\Roaming\npm\node_modules\firebase-tools\lib\serve\index.js:30:35)
    at Command.actionFn (C:\Users\pixel\AppData\Roaming\npm\node_modules\firebase-tools\lib\commands\serve.js:59:30)
    at C:\Users\pixel\AppData\Roaming\npm\node_modules\firebase-tools\lib\command.js:216:25
    at process.processTicksAndRejections (node:internal/process/task_queues:95:5)
[error] 
[error] Error: An unexpected error has occurred.
